[ubmc-stoats.webs.com/index.html]
[backblue.gif]
[fade.gif]
[index.html]
[static.websimages.com/active-static/lib/modernizr-old.js]
[static.websimages.com/static/global/js/require.js]
[ajax.googleapis.com/ajax/libs/jquery/1.8/jquery.min.js]
[static.websimages.com/active-static/target/apps/bootstrap.js]
[static.websimages.com/v1513720/static/projects/finch/css/sitebase.css]
[www.google.com/recaptcha/api.js]
[ubmc-stoats.webs.com/.theme1cf1.css]
[static.websimages.com/v1513720/active-static/target/internal/sitebuilder/view/view.app.js]
[static.websimages.com/active-static/target/usersites/css/fixedFreebar.css]
[static.websimages.com/static/global/js/webs/usersites/p.js]
[ubmc-stoats.webs.com/logo.png]
[ubmc-stoats.webs.com/about-the-club.html]
[ubmc-stoats.webs.com/calendar.html]
[ubmc-stoats.webs.com/committee.html]
[ubmc-stoats.webs.com/bouldering-team.html]
[ubmc-stoats.webs.com/gear.html]
[ubmc-stoats.webs.com/cdn-cgi/l/email-protection.html]
[mediaprocessor.websimages.com/width/325/crop/0,0,325x182/ubmc-stoats.webs.com/yoga.jpg]
[ubmc-stoats.webs.com/apps/links/index.html]
[ubmc-stoats.webs.com/cdn-cgi/scripts/5c5dd728/cloudflare-static/email-decode.min.js]
[mediaprocessor.websimages.com/width/325/crop/0,115,325x272/ubmc-stoats.webs.com/17103571_1724834964206627_1376337999453204706_n.jpg]
[mediaprocessor.websimages.com/width/318/crop/0,0,318x239/ubmc-stoats.webs.com/photos/22289908_1689362804410059_5299584607418209278_o.jpg]
[static.websimages.com/active-static/target/stats/collector.js]
[ubmc-stoats.webs.com/index.html]
[static.websimages.com/static/projects/finch/themes/app_search_ie.png]
[static.websimages.com/rails-static/webstore/images/paypal_24.png]
[images.webs.com/static/global/icons/silk/page_edit.png]
[dynamic.websimages.com/s/themes/organic_white/v1.28/images/bg_pattern.png]
[ubmc-stoats.webs.com/images/frames/u_shadow.1b.delayed]
[ubmc-stoats.webs.com/images/frames/papershade.png]
[ubmc-stoats.webs.com/images/frames/tape.png]
[ubmc-stoats.webs.com/images/frames/album-noise.png]
[ubmc-stoats.webs.com/images/frames/album-binder.png]
[ubmc-stoats.webs.com/images/frames/thumbtack.png]
[ubmc-stoats.webs.com/images/frames/photo-corners.png]
[members.webs.com/s/modules/social-links/v1.23/icons/style01.png]
[members.webs.com/s/modules/social-links/v1.23/icons/style02.png]
[members.webs.com/s/modules/social-links/v1.23/icons/style03.png]
[ubmc-stoats.webs.com/apps/photos/index.html]
[members.webs.com/s/modules/social-links/v1.23/icons/style04.png]
[members.webs.com/s/modules/social-links/v1.23/icons/style05.png]
[members.webs.com/s/modules/social-links/v1.23/icons/style06.png]
[members.webs.com/s/modules/social-links/v1.23/icons/style07.png]
[members.webs.com/s/modules/social-links/v1.23/icons/style08.png]
[members.webs.com/s/modules/horizontal_rule/v1.15/images/light-1-sprite.png]
[members.webs.com/s/modules/horizontal_rule/v1.15/images/light-2-sprite.png]
[members.webs.com/s/modules/horizontal_rule/v1.15/images/light-3-sprite.png]
[members.webs.com/s/modules/horizontal_rule/v1.15/images/light-4-sprite.png]
[members.webs.com/s/modules/horizontal_rule/v1.15/images/light-5-sprite.png]
[members.webs.com/s/modules/horizontal_rule/v1.15/images/light-6-sprite.png]
[members.webs.com/s/modules/horizontal_rule/v1.15/images/light-7-sprite.png]
[members.webs.com/s/modules/horizontal_rule/v1.15/images/light-8-sprite.png]
[members.webs.com/s/modules/horizontal_rule/v1.15/images/light-9-sprite.png]
[members.webs.com/s/modules/horizontal_rule/v1.15/images/light-10-sprite.png]
[members.webs.com/s/modules/horizontal_rule/v1.15/images/dark-1-sprite.png]
[members.webs.com/s/modules/horizontal_rule/v1.15/images/dark-2-sprite.png]
[members.webs.com/s/modules/horizontal_rule/v1.15/images/dark-3-sprite.png]
[members.webs.com/s/modules/horizontal_rule/v1.15/images/dark-4-sprite.png]
[members.webs.com/s/modules/horizontal_rule/v1.15/images/dark-5-sprite.png]
[members.webs.com/s/modules/horizontal_rule/v1.15/images/dark-6-sprite.png]
[members.webs.com/s/modules/horizontal_rule/v1.15/images/dark-7-sprite.png]
[members.webs.com/s/modules/horizontal_rule/v1.15/images/dark-8-sprite.png]
[members.webs.com/s/modules/horizontal_rule/v1.15/images/dark-9-sprite.png]
[members.webs.com/s/modules/horizontal_rule/v1.15/images/dark-10-sprite.png]
[members.webs.com/s/modules/contact_form/v1.38/images/error_icon.png]
[members.webs.com/s/modules/contact_form/v1.38/images/form_success_check.png]
[static.websimages.com/static/projects/finch/images/magnify_icon_white.png]
[static.websimages.com/static/projects/finch/images/magnify_icon_dark.png]
[static.websimages.com/static/projects/finch/images/plus_icon_white.png]
[static.websimages.com/static/projects/finch/images/plus_icon_dark.png]
[members.webs.com/s/modules/photo_gallery/v1.74/images/right_1x.png]
[members.webs.com/s/modules/photo_gallery/v1.74/images/left_1x.png]
[members.webs.com/s/modules/photo_gallery/v1.74/images/right_2x.png]
[members.webs.com/s/modules/photo_gallery/v1.74/images/left_2x.png]
[members.webs.com/s/modules/photo_gallery/v1.74/images/black_right_1x.png]
[members.webs.com/s/modules/photo_gallery/v1.74/images/black_left_1x.png]
[members.webs.com/s/modules/photo_gallery/v1.74/images/black_right_2x.png]
[members.webs.com/s/modules/photo_gallery/v1.74/images/black_left_2x.png]
[members.webs.com/s/modules/photo_gallery/v1.74/images/white_right_1x.png]
[members.webs.com/s/modules/photo_gallery/v1.74/images/white_left_1x.png]
[members.webs.com/s/modules/photo_gallery/v1.74/images/white_right_2x.png]
[members.webs.com/s/modules/photo_gallery/v1.74/images/white_left_2x.png]
[members.webs.com/s/modules/photo_gallery/v1.74/images/large_trans_white_right_1x.png]
[members.webs.com/s/modules/photo_gallery/v1.74/images/large_trans_white_left_1x.png]
[members.webs.com/s/modules/photo_gallery/v1.74/images/large_trans_white_right_2x.png]
[members.webs.com/s/modules/photo_gallery/v1.74/images/large_trans_white_left_2x.png]
[members.webs.com/s/modules/photo_gallery/v1.74/images/thin_white_right_1x.png]
[members.webs.com/s/modules/photo_gallery/v1.74/images/thin_white_left_1x.png]
[members.webs.com/s/modules/photo_gallery/v1.74/images/thin_white_right_2x.png]
[members.webs.com/s/modules/photo_gallery/v1.74/images/thin_white_left_2x.png]
[members.webs.com/s/modules/photo_gallery/v1.74/images/bottom_2x.png]
[members.webs.com/s/modules/photo_gallery/v1.74/images/top_2x.png]
[members.webs.com/s/modules/photo_gallery/v1.74/images/bottom_1x.png]
[members.webs.com/s/modules/photo_gallery/v1.74/images/top_1x.png]
[ubmc-stoats.webs.com/.theme1cf1.css]
[static.websimages.com/v1513720/static/projects/finch/images/frames/u_shadow.png]
[static.websimages.com/v1513720/static/projects/finch/images/frames/papershade.png]
[static.websimages.com/v1513720/static/projects/finch/images/frames/tape.png]
[static.websimages.com/v1513720/static/projects/finch/images/frames/album-noise.png]
[static.websimages.com/v1513720/static/projects/finch/images/frames/album-binder.png]
[static.websimages.com/v1513720/static/projects/finch/images/frames/thumbtack.png]
[static.websimages.com/v1513720/static/projects/finch/images/frames/photo-corners.png]
[static.websimages.com/v1513720/static/projects/finch/images/icon_sets/standard/alert.png]
[static.websimages.com/v1513720/static/projects/finch/images/icon_sets/standard/lock.png]
[static.websimages.com/v1513720/static/projects/finch/images/icon_sets/standard/speech.png]
[static.websimages.com/v1513720/static/projects/finch/images/icon_sets/standard/user.png]
[static.websimages.com/v1513720/static/projects/finch/images/icon_sets/standard/world.png]
[static.websimages.com/v1513720/static/projects/finch/images/icon_sets/silk/accept.png]
[static.websimages.com/v1513720/static/projects/finch/images/icon_sets/silk/add.png]
[static.websimages.com/v1513720/static/projects/finch/images/icon_sets/silk/anchor.png]
[static.websimages.com/v1513720/static/projects/finch/images/icon_sets/silk/attach.png]
[static.websimages.com/v1513720/static/projects/finch/images/icon_sets/silk/basket.png]
[static.websimages.com/v1513720/static/projects/finch/images/icon_sets/silk/bell.png]
[static.websimages.com/v1513720/static/projects/finch/images/icon_sets/silk/bin.png]
[static.websimages.com/v1513720/static/projects/finch/images/icon_sets/silk/bomb.png]
[static.websimages.com/v1513720/static/projects/finch/images/icon_sets/silk/book.png]
[static.websimages.com/v1513720/static/projects/finch/images/icon_sets/silk/box.png]
[static.websimages.com/v1513720/static/projects/finch/images/icon_sets/silk/brick.png]
[static.websimages.com/v1513720/static/projects/finch/images/icon_sets/silk/building.png]
[static.websimages.com/v1513720/static/projects/finch/images/icon_sets/silk/cake.png]
[static.websimages.com/v1513720/static/projects/finch/images/icon_sets/silk/calculator.png]
[static.websimages.com/v1513720/static/projects/finch/images/icon_sets/silk/calendar.png]
[static.websimages.com/v1513720/static/projects/finch/images/icon_sets/silk/camera.png]
[static.websimages.com/v1513720/static/projects/finch/images/icon_sets/silk/cancel.png]
[static.websimages.com/v1513720/static/projects/finch/images/icon_sets/silk/car.png]
[static.websimages.com/v1513720/static/projects/finch/images/icon_sets/silk/cart.png]
[static.websimages.com/v1513720/static/projects/finch/images/icon_sets/silk/cd.png]
[static.websimages.com/v1513720/static/projects/finch/images/icon_sets/silk/chart_bar.png]
[static.websimages.com/v1513720/static/projects/finch/images/icon_sets/silk/chart_curve.png]
[static.websimages.com/v1513720/static/projects/finch/images/icon_sets/silk/chart_line.png]
[static.websimages.com/v1513720/static/projects/finch/images/icon_sets/silk/chart_pie.png]
[static.websimages.com/v1513720/static/projects/finch/images/icon_sets/silk/clock.png]
[static.websimages.com/v1513720/static/projects/finch/images/icon_sets/silk/cog.png]
[static.websimages.com/v1513720/static/projects/finch/images/icon_sets/silk/coins.png]
[static.websimages.com/v1513720/static/projects/finch/images/icon_sets/silk/comments.png]
[static.websimages.com/v1513720/static/projects/finch/images/icon_sets/silk/computer.png]
[static.websimages.com/v1513720/static/projects/finch/images/icon_sets/silk/controller.png]
[static.websimages.com/v1513720/static/projects/finch/images/icon_sets/silk/creditcards.png]
[static.websimages.com/v1513720/static/projects/finch/images/icon_sets/silk/cross.png]
[static.websimages.com/v1513720/static/projects/finch/images/icon_sets/silk/cup.png]
[static.websimages.com/v1513720/static/projects/finch/images/icon_sets/silk/cut.png]
[static.websimages.com/v1513720/static/projects/finch/images/icon_sets/silk/pencil.png]
[static.websimages.com/v1513720/static/projects/finch/images/icon_sets/boolean/0.png]
[static.websimages.com/v1513720/static/projects/finch/images/icon_sets/boolean/Airmail.png]
[static.websimages.com/v1513720/static/projects/finch/images/icon_sets/boolean/Binocular.png]
[static.websimages.com/v1513720/static/projects/finch/images/icon_sets/boolean/Bookmark.png]
[static.websimages.com/v1513720/static/projects/finch/images/icon_sets/boolean/Calculator.png]
[static.websimages.com/v1513720/static/projects/finch/images/icon_sets/boolean/Calendar.png]
[static.websimages.com/v1513720/static/projects/finch/images/icon_sets/boolean/Clapperboard_Open.png]
[static.websimages.com/v1513720/static/projects/finch/images/icon_sets/boolean/Compact_Disc.png]
[static.websimages.com/v1513720/static/projects/finch/images/icon_sets/boolean/Computer_Keyboard.png]
[static.websimages.com/v1513720/static/projects/finch/images/icon_sets/boolean/Contacts_Alt.png]
[static.websimages.com/v1513720/static/projects/finch/images/icon_sets/boolean/Direction_Board.png]
[static.websimages.com/v1513720/static/projects/finch/images/icon_sets/boolean/Document.png]
[static.websimages.com/v1513720/static/projects/finch/images/icon_sets/boolean/Done_Square.png]
[static.websimages.com/v1513720/static/projects/finch/images/icon_sets/boolean/Door.png]
[static.websimages.com/v1513720/static/projects/finch/images/icon_sets/boolean/Envelope.png]
[static.websimages.com/v1513720/static/projects/finch/images/icon_sets/boolean/Folder.png]
[static.websimages.com/v1513720/static/projects/finch/images/icon_sets/boolean/Help_Circle.png]
[static.websimages.com/v1513720/static/projects/finch/images/icon_sets/boolean/Home.png]
[static.websimages.com/v1513720/static/projects/finch/images/icon_sets/boolean/Images_Night_Scene.png]
[static.websimages.com/v1513720/static/projects/finch/images/icon_sets/boolean/Images.png]
[static.websimages.com/v1513720/static/projects/finch/images/icon_sets/boolean/Mail.png]
[static.websimages.com/v1513720/static/projects/finch/images/icon_sets/boolean/Manual.png]
[static.websimages.com/v1513720/static/projects/finch/images/icon_sets/boolean/Monitor_Off.png]
[static.websimages.com/v1513720/static/projects/finch/images/icon_sets/boolean/Monitor.png]
[static.websimages.com/v1513720/static/projects/finch/images/icon_sets/boolean/Music.png]
[static.websimages.com/v1513720/static/projects/finch/images/icon_sets/boolean/Newspaper.png]
[static.websimages.com/v1513720/static/projects/finch/images/icon_sets/boolean/Note.png]
[static.websimages.com/v1513720/static/projects/finch/images/icon_sets/boolean/Notepad.png]
[static.websimages.com/v1513720/static/projects/finch/images/icon_sets/boolean/OK.png]
[static.websimages.com/v1513720/static/projects/finch/images/icon_sets/boolean/Soccer_Ball.png]
[static.websimages.com/v1513720/static/projects/finch/images/icon_sets/boolean/Speaker.png]
[static.websimages.com/v1513720/static/projects/finch/images/icon_sets/boolean/Tag.png]
[static.websimages.com/v1513720/static/projects/finch/images/icon_sets/boolean/Ticket_Golden.png]
[static.websimages.com/v1513720/static/projects/finch/images/icon_sets/boolean/Ticket_Red.png]
[static.websimages.com/v1513720/static/projects/finch/images/icon_sets/boolean/Tree.png]
[static.websimages.com/v1513720/static/projects/finch/images/icon_sets/boolean/Videos.png]
[static.websimages.com/v1513720/static/projects/finch/images/icon_sets/boolean/White_Lego.png]
[static.websimages.com/v1513720/static/projects/finch/images/icon_sets/classy/accept.png]
[static.websimages.com/v1513720/static/projects/finch/images/icon_sets/classy/business_user.png]
[static.websimages.com/v1513720/static/projects/finch/images/icon_sets/classy/calendar.png]
[static.websimages.com/v1513720/static/projects/finch/images/icon_sets/classy/cd.png]
[static.websimages.com/v1513720/static/projects/finch/images/icon_sets/classy/chart.png]
[static.websimages.com/v1513720/static/projects/finch/images/icon_sets/classy/comment.png]
[static.websimages.com/v1513720/static/projects/finch/images/icon_sets/classy/comments.png]
[static.websimages.com/v1513720/static/projects/finch/images/icon_sets/classy/computer.png]
[static.websimages.com/v1513720/static/projects/finch/images/icon_sets/classy/digital_camcorder.png]
[static.websimages.com/v1513720/static/projects/finch/images/icon_sets/classy/down.png]
[static.websimages.com/v1513720/static/projects/finch/images/icon_sets/classy/favorite.png]
[static.websimages.com/v1513720/static/projects/finch/images/icon_sets/classy/folder.png]
[static.websimages.com/v1513720/static/projects/finch/images/icon_sets/classy/folder_empty.png]
[static.websimages.com/v1513720/static/projects/finch/images/icon_sets/classy/globe.png]
[static.websimages.com/v1513720/static/projects/finch/images/icon_sets/classy/headphones.png]
[static.websimages.com/v1513720/static/projects/finch/images/icon_sets/classy/help.png]
[static.websimages.com/v1513720/static/projects/finch/images/icon_sets/classy/home.png]
[static.websimages.com/v1513720/static/projects/finch/images/icon_sets/classy/image.png]
[static.websimages.com/v1513720/static/projects/finch/images/icon_sets/classy/image_bmp.png]
[static.websimages.com/v1513720/static/projects/finch/images/icon_sets/classy/image_jpg.png]
[static.websimages.com/v1513720/static/projects/finch/images/icon_sets/classy/info.png]
[static.websimages.com/v1513720/static/projects/finch/images/icon_sets/classy/lock.png]
[static.websimages.com/v1513720/static/projects/finch/images/icon_sets/classy/mail.png]
[static.websimages.com/v1513720/static/projects/finch/images/icon_sets/classy/mobile_phone.png]
[static.websimages.com/v1513720/static/projects/finch/images/icon_sets/classy/new_mail.png]
[static.websimages.com/v1513720/static/projects/finch/images/icon_sets/classy/next.png]
[static.websimages.com/v1513720/static/projects/finch/images/icon_sets/classy/notebook.png]
[static.websimages.com/v1513720/static/projects/finch/images/icon_sets/classy/page.png]
[static.websimages.com/v1513720/static/projects/finch/images/icon_sets/classy/page_blank.png]
[static.websimages.com/v1513720/static/projects/finch/images/icon_sets/classy/previous.png]
[static.websimages.com/v1513720/static/projects/finch/images/icon_sets/classy/process.png]
[static.websimages.com/v1513720/static/projects/finch/images/icon_sets/classy/rss.png]
[static.websimages.com/v1513720/static/projects/finch/images/icon_sets/classy/search.png]
[static.websimages.com/v1513720/static/projects/finch/images/icon_sets/classy/shopping_cart.png]
[static.websimages.com/v1513720/static/projects/finch/images/icon_sets/classy/speaker.png]
[static.websimages.com/v1513720/static/projects/finch/images/icon_sets/classy/up.png]
[static.websimages.com/v1513720/static/projects/finch/images/icon_sets/classy/user.png]
[static.websimages.com/v1513720/static/projects/finch/images/icon_sets/classy/users.png]
[static.websimages.com/v1513720/static/projects/finch/images/icon_sets/fatcow/accept.png]
[static.websimages.com/v1513720/static/projects/finch/images/icon_sets/fatcow/apple.png]
[static.websimages.com/v1513720/static/projects/finch/images/icon_sets/fatcow/arrow_down.png]
[static.websimages.com/v1513720/static/projects/finch/images/icon_sets/fatcow/arrow_left.png]
[static.websimages.com/v1513720/static/projects/finch/images/icon_sets/fatcow/arrow_right.png]
[static.websimages.com/v1513720/static/projects/finch/images/icon_sets/fatcow/arrow_up.png]
[static.websimages.com/v1513720/static/projects/finch/images/icon_sets/fatcow/asterisk_yellow.png]
[static.websimages.com/v1513720/static/projects/finch/images/icon_sets/fatcow/attach.png]
[static.websimages.com/v1513720/static/projects/finch/images/icon_sets/fatcow/attribution.png]
[static.websimages.com/v1513720/static/projects/finch/images/icon_sets/fatcow/award_star_bronze_3.png]
[static.websimages.com/v1513720/static/projects/finch/images/icon_sets/fatcow/baloon.png]
[static.websimages.com/v1513720/static/projects/finch/images/icon_sets/fatcow/barchart.png]
[static.websimages.com/v1513720/static/projects/finch/images/icon_sets/fatcow/basket.png]
[static.websimages.com/v1513720/static/projects/finch/images/icon_sets/fatcow/beer.png]
[static.websimages.com/v1513720/static/projects/finch/images/icon_sets/fatcow/book_addresses.png]
[static.websimages.com/v1513720/static/projects/finch/images/icon_sets/fatcow/bookmark.png]
[static.websimages.com/v1513720/static/projects/finch/images/icon_sets/fatcow/bullet_star.png]
[static.websimages.com/v1513720/static/projects/finch/images/icon_sets/fatcow/butterfly.png]
[static.websimages.com/v1513720/static/projects/finch/images/icon_sets/fatcow/cake.png]
[static.websimages.com/v1513720/static/projects/finch/images/icon_sets/fatcow/calendar.png]
[static.websimages.com/v1513720/static/projects/finch/images/icon_sets/fatcow/camera.png]
[static.websimages.com/v1513720/static/projects/finch/images/icon_sets/fatcow/card_credit.png]
[static.websimages.com/v1513720/static/projects/finch/images/icon_sets/fatcow/card_debit.png]
[static.websimages.com/v1513720/static/projects/finch/images/icon_sets/fatcow/cart.png]
[static.websimages.com/v1513720/static/projects/finch/images/icon_sets/fatcow/cd.png]
[static.websimages.com/v1513720/static/projects/finch/images/icon_sets/fatcow/chart_bar.png]
[static.websimages.com/v1513720/static/projects/finch/images/icon_sets/fatcow/chart_curve.png]
[static.websimages.com/v1513720/static/projects/finch/images/icon_sets/fatcow/chart_pie.png]
[static.websimages.com/v1513720/static/projects/finch/images/icon_sets/fatcow/chart_up_color.png]
[static.websimages.com/v1513720/static/projects/finch/images/icon_sets/fatcow/coins.png]
[static.websimages.com/v1513720/static/projects/finch/images/icon_sets/fatcow/comment.png]
[static.websimages.com/v1513720/static/projects/finch/images/icon_sets/fatcow/cup.png]
[static.websimages.com/v1513720/static/projects/finch/images/icon_sets/fatcow/date.png]
[static.websimages.com/v1513720/static/projects/finch/images/icon_sets/fatcow/document_empty.png]
[static.websimages.com/v1513720/static/projects/finch/images/icon_sets/fatcow/drink.png]
[static.websimages.com/v1513720/static/projects/finch/images/icon_sets/fatcow/email.png]
[static.websimages.com/v1513720/static/projects/finch/images/icon_sets/fatcow/emotion_smile.png]
[static.websimages.com/v1513720/static/projects/finch/images/icon_sets/fatcow/fatcow.png]
[static.websimages.com/v1513720/static/projects/finch/images/icon_sets/fatcow/feed.png]
[static.websimages.com/v1513720/static/projects/finch/images/icon_sets/fatcow/film.png]
[static.websimages.com/v1513720/static/projects/finch/images/icon_sets/fatcow/fire.png]
[static.websimages.com/v1513720/static/projects/finch/images/icon_sets/fatcow/flag_2.png]
[static.websimages.com/v1513720/static/projects/finch/images/icon_sets/fatcow/folder.png]
[static.websimages.com/v1513720/static/projects/finch/images/icon_sets/fatcow/green.png]
[static.websimages.com/v1513720/static/projects/finch/images/icon_sets/fatcow/heart.png]
[static.websimages.com/v1513720/static/projects/finch/images/icon_sets/fatcow/information.png]
[static.websimages.com/v1513720/static/projects/finch/images/icon_sets/fatcow/lightning.png]
[static.websimages.com/v1513720/static/projects/finch/images/icon_sets/fatcow/medal_gold_3.png]
[static.websimages.com/v1513720/static/projects/finch/images/icon_sets/fatcow/microphone.png]
[static.websimages.com/v1513720/static/projects/finch/images/icon_sets/fatcow/money.png]
[static.websimages.com/v1513720/static/projects/finch/images/icon_sets/fatcow/money_dollar.png]
[static.websimages.com/v1513720/static/projects/finch/images/icon_sets/fatcow/page_white.png]
[static.websimages.com/v1513720/static/projects/finch/images/icon_sets/fatcow/paypal-2.png]
[static.websimages.com/v1513720/static/projects/finch/images/icon_sets/fatcow/picture.png]
[static.websimages.com/v1513720/static/projects/finch/images/icon_sets/fatcow/popcorn.png]
[static.websimages.com/v1513720/static/projects/finch/images/icon_sets/fatcow/rainbow.png]
[static.websimages.com/v1513720/static/projects/finch/images/icon_sets/fatcow/recycle.png]
[static.websimages.com/v1513720/static/projects/finch/images/icon_sets/fatcow/report.png]
[static.websimages.com/v1513720/static/projects/finch/images/icon_sets/fatcow/ribbon.png]
[static.websimages.com/v1513720/static/projects/finch/images/icon_sets/fatcow/ruby.png]
[static.websimages.com/v1513720/static/projects/finch/images/icon_sets/fatcow/scull.png]
[static.websimages.com/v1513720/static/projects/finch/images/icon_sets/fatcow/shield.png]
[static.websimages.com/v1513720/static/projects/finch/images/icon_sets/fatcow/small_business.png]
[static.websimages.com/v1513720/static/projects/finch/images/icon_sets/fatcow/sport_8ball.png]
[static.websimages.com/v1513720/static/projects/finch/images/icon_sets/fatcow/sport_basketball.png]
[static.websimages.com/v1513720/static/projects/finch/images/icon_sets/fatcow/sport_football.png]
[static.websimages.com/v1513720/static/projects/finch/images/icon_sets/fatcow/sport_golf.png]
[static.websimages.com/v1513720/static/projects/finch/images/icon_sets/fatcow/sport_raquet.png]
[static.websimages.com/v1513720/static/projects/finch/images/icon_sets/fatcow/sport_soccer.png]
[static.websimages.com/v1513720/static/projects/finch/images/icon_sets/fatcow/sport_tennis.png]
[static.websimages.com/v1513720/static/projects/finch/images/icon_sets/fatcow/star.png]
[static.websimages.com/v1513720/static/projects/finch/images/icon_sets/fatcow/terminal.png]
[static.websimages.com/v1513720/static/projects/finch/images/icon_sets/fatcow/tick.png]
[static.websimages.com/v1513720/static/projects/finch/images/icon_sets/fatcow/user.png]
[static.websimages.com/v1513720/static/projects/finch/images/icon_sets/fatcow/user_female.png]
[static.websimages.com/v1513720/static/projects/finch/images/icon_sets/fatcow/user_gray.png]
[static.websimages.com/v1513720/static/projects/finch/images/icon_sets/fatcow/user_green.png]
[static.websimages.com/v1513720/static/projects/finch/images/icon_sets/fatcow/user_red.png]
[static.websimages.com/v1513720/static/projects/finch/images/icon_sets/fatcow/user_silhouette.png]
[static.websimages.com/v1513720/static/projects/finch/images/icon_sets/fatcow/user_suit.png]
[static.websimages.com/v1513720/static/projects/finch/images/icon_sets/fugue/address-book-open.png]
[static.websimages.com/v1513720/static/projects/finch/images/icon_sets/fugue/address-book.png]
[static.websimages.com/v1513720/static/projects/finch/images/icon_sets/fugue/alarm-clock-blue.png]
[static.websimages.com/v1513720/static/projects/finch/images/icon_sets/fugue/arrow-000-medium.png]
[static.websimages.com/v1513720/static/projects/finch/images/icon_sets/fugue/arrow-090-medium.png]
[static.websimages.com/v1513720/static/projects/finch/images/icon_sets/fugue/arrow-180-medium.png]
[static.websimages.com/v1513720/static/projects/finch/images/icon_sets/fugue/arrow-270-medium.png]
[static.websimages.com/v1513720/static/projects/finch/images/icon_sets/fugue/asterisk.png]
[static.websimages.com/v1513720/static/projects/finch/images/icon_sets/fugue/auction-hammer.png]
[static.websimages.com/v1513720/static/projects/finch/images/icon_sets/fugue/balloon.png]
[static.websimages.com/v1513720/static/projects/finch/images/icon_sets/fugue/bandaid.png]
[static.websimages.com/v1513720/static/projects/finch/images/icon_sets/fugue/bell.png]
[static.websimages.com/v1513720/static/projects/finch/images/icon_sets/fugue/book-bookmark.png]
[static.websimages.com/v1513720/static/projects/finch/images/icon_sets/fugue/book-brown.png]
[static.websimages.com/v1513720/static/projects/finch/images/icon_sets/fugue/briefcase.png]
[static.websimages.com/v1513720/static/projects/finch/images/icon_sets/fugue/brightness.png]
[static.websimages.com/v1513720/static/projects/finch/images/icon_sets/fugue/broom.png]
[static.websimages.com/v1513720/static/projects/finch/images/icon_sets/fugue/building.png]
[static.websimages.com/v1513720/static/projects/finch/images/icon_sets/fugue/burn.png]
[static.websimages.com/v1513720/static/projects/finch/images/icon_sets/fugue/cake-plain.png]
[static.websimages.com/v1513720/static/projects/finch/images/icon_sets/fugue/calendar.png]
[static.websimages.com/v1513720/static/projects/finch/images/icon_sets/fugue/camera.png]
[static.websimages.com/v1513720/static/projects/finch/images/icon_sets/fugue/car.png]
[static.websimages.com/v1513720/static/projects/finch/images/icon_sets/fugue/card.png]
[static.websimages.com/v1513720/static/projects/finch/images/icon_sets/fugue/chart-up.png]
[static.websimages.com/v1513720/static/projects/finch/images/icon_sets/fugue/chart.png]
[static.websimages.com/v1513720/static/projects/finch/images/icon_sets/fugue/chevron-expand.png]
[static.websimages.com/v1513720/static/projects/finch/images/icon_sets/fugue/clipboard-text.png]
[static.websimages.com/v1513720/static/projects/finch/images/icon_sets/fugue/clock.png]
[static.websimages.com/v1513720/static/projects/finch/images/icon_sets/fugue/cookie.png]
[static.websimages.com/v1513720/static/projects/finch/images/icon_sets/fugue/cutlery.png]
[static.websimages.com/v1513720/static/projects/finch/images/icon_sets/fugue/disc.png]
[static.websimages.com/v1513720/static/projects/finch/images/icon_sets/fugue/document--arrow.png]
[static.websimages.com/v1513720/static/projects/finch/images/icon_sets/fugue/document-music.png]
[static.websimages.com/v1513720/static/projects/finch/images/icon_sets/fugue/document-text.png]
[static.websimages.com/v1513720/static/projects/finch/images/icon_sets/fugue/film.png]
[static.websimages.com/v1513720/static/projects/finch/images/icon_sets/fugue/fire.png]
[static.websimages.com/v1513720/static/projects/finch/images/icon_sets/fugue/folder-horizontal.png]
[static.websimages.com/v1513720/static/projects/finch/images/icon_sets/fugue/fruit.png]
[static.websimages.com/v1513720/static/projects/finch/images/icon_sets/fugue/globe-green.png]
[static.websimages.com/v1513720/static/projects/finch/images/icon_sets/fugue/guitar.png]
[static.websimages.com/v1513720/static/projects/finch/images/icon_sets/fugue/hammer.png]
[static.websimages.com/v1513720/static/projects/finch/images/icon_sets/fugue/heart.png]
[static.websimages.com/v1513720/static/projects/finch/images/icon_sets/fugue/home.png]
[static.websimages.com/v1513720/static/projects/finch/images/icon_sets/fugue/image.png]
[static.websimages.com/v1513720/static/projects/finch/images/icon_sets/fugue/information.png]
[static.websimages.com/v1513720/static/projects/finch/images/icon_sets/fugue/key.png]
[static.websimages.com/v1513720/static/projects/finch/images/icon_sets/fugue/leaf.png]
[static.websimages.com/v1513720/static/projects/finch/images/icon_sets/fugue/lifebuoy.png]
[static.websimages.com/v1513720/static/projects/finch/images/icon_sets/fugue/lightning.png]
[static.websimages.com/v1513720/static/projects/finch/images/icon_sets/fugue/luggage.png]
[static.websimages.com/v1513720/static/projects/finch/images/icon_sets/fugue/magnifier.png]
[static.websimages.com/v1513720/static/projects/finch/images/icon_sets/fugue/mail.png]
[static.websimages.com/v1513720/static/projects/finch/images/icon_sets/fugue/marker.png]
[static.websimages.com/v1513720/static/projects/finch/images/icon_sets/fugue/medal.png]
[static.websimages.com/v1513720/static/projects/finch/images/icon_sets/fugue/money-coin.png]
[static.websimages.com/v1513720/static/projects/finch/images/icon_sets/fugue/paper-clip.png]
[static.websimages.com/v1513720/static/projects/finch/images/icon_sets/fugue/plus-white.png]
[static.websimages.com/v1513720/static/projects/finch/images/icon_sets/fugue/price-tag.png]
[static.websimages.com/v1513720/static/projects/finch/images/icon_sets/fugue/question-white.png]
[static.websimages.com/v1513720/static/projects/finch/images/icon_sets/fugue/report-paper.png]
[static.websimages.com/v1513720/static/projects/finch/images/icon_sets/fugue/smiley.png]
[static.websimages.com/v1513720/static/projects/finch/images/icon_sets/fugue/star.png]
[static.websimages.com/v1513720/static/projects/finch/images/icon_sets/fugue/sticky-note.png]
[static.websimages.com/v1513720/static/projects/finch/images/icon_sets/fugue/t-shirt.png]
[static.websimages.com/v1513720/static/projects/finch/images/icon_sets/fugue/tag.png]
[static.websimages.com/v1513720/static/projects/finch/images/icon_sets/fugue/tick-white.png]
[static.websimages.com/v1513720/static/projects/finch/images/icon_sets/fugue/user-black.png]
[static.websimages.com/v1513720/static/projects/finch/images/icon_sets/fugue/user-silhouette.png]
[static.websimages.com/v1513720/static/projects/finch/images/icon_sets/fugue/wrench.png]
[static.websimages.com/v1513720/static/projects/finch/images/icon_sets/rocky/accessibility.png]
[static.websimages.com/v1513720/static/projects/finch/images/icon_sets/rocky/add.png]
[static.websimages.com/v1513720/static/projects/finch/images/icon_sets/rocky/agenda.png]
[static.websimages.com/v1513720/static/projects/finch/images/icon_sets/rocky/airplane.png]
[static.websimages.com/v1513720/static/projects/finch/images/icon_sets/rocky/alarm.png]
[static.websimages.com/v1513720/static/projects/finch/images/icon_sets/rocky/album.png]
[static.websimages.com/v1513720/static/projects/finch/images/icon_sets/rocky/alert.png]
[static.websimages.com/v1513720/static/projects/finch/images/icon_sets/rocky/annoucement.png]
[static.websimages.com/v1513720/static/projects/finch/images/icon_sets/rocky/arrow-down.png]
[static.websimages.com/v1513720/static/projects/finch/images/icon_sets/rocky/arrow-left.png]
[static.websimages.com/v1513720/static/projects/finch/images/icon_sets/rocky/arrow-right.png]
[static.websimages.com/v1513720/static/projects/finch/images/icon_sets/rocky/arrow-up.png]
[static.websimages.com/v1513720/static/projects/finch/images/icon_sets/rocky/art-brush.png]
[static.websimages.com/v1513720/static/projects/finch/images/icon_sets/rocky/auction.png]
[static.websimages.com/v1513720/static/projects/finch/images/icon_sets/rocky/award.png]
[static.websimages.com/v1513720/static/projects/finch/images/icon_sets/rocky/bell.png]
[static.websimages.com/v1513720/static/projects/finch/images/icon_sets/rocky/bicycle.png]
[static.websimages.com/v1513720/static/projects/finch/images/icon_sets/rocky/bluetooth.png]
[static.websimages.com/v1513720/static/projects/finch/images/icon_sets/rocky/boat.png]
[static.websimages.com/v1513720/static/projects/finch/images/icon_sets/rocky/bookmark.png]
[static.websimages.com/v1513720/static/projects/finch/images/icon_sets/rocky/briefcase.png]
[static.websimages.com/v1513720/static/projects/finch/images/icon_sets/rocky/brightness.png]
[static.websimages.com/v1513720/static/projects/finch/images/icon_sets/rocky/bug.png]
[static.websimages.com/v1513720/static/projects/finch/images/icon_sets/rocky/bus.png]
[static.websimages.com/v1513720/static/projects/finch/images/icon_sets/rocky/calculator.png]
[static.websimages.com/v1513720/static/projects/finch/images/icon_sets/rocky/calendar.png]
[static.websimages.com/v1513720/static/projects/finch/images/icon_sets/rocky/camera.png]
[static.websimages.com/v1513720/static/projects/finch/images/icon_sets/rocky/car.png]
[static.websimages.com/v1513720/static/projects/finch/images/icon_sets/rocky/cd.png]
[static.websimages.com/v1513720/static/projects/finch/images/icon_sets/rocky/chart.png]
[static.websimages.com/v1513720/static/projects/finch/images/icon_sets/rocky/check-box.png]
[static.websimages.com/v1513720/static/projects/finch/images/icon_sets/rocky/check.png]
[static.websimages.com/v1513720/static/projects/finch/images/icon_sets/rocky/clipboard.png]
[static.websimages.com/v1513720/static/projects/finch/images/icon_sets/rocky/clock.png]
[static.websimages.com/v1513720/static/projects/finch/images/icon_sets/rocky/coffee-mug.png]
[static.websimages.com/v1513720/static/projects/finch/images/icon_sets/rocky/comment.png]
[static.websimages.com/v1513720/static/projects/finch/images/icon_sets/rocky/compass.png]
[static.websimages.com/v1513720/static/projects/finch/images/icon_sets/rocky/connection-signal.png]
[static.websimages.com/v1513720/static/projects/finch/images/icon_sets/rocky/construction-hat.png]
[static.websimages.com/v1513720/static/projects/finch/images/icon_sets/rocky/construction.png]
[static.websimages.com/v1513720/static/projects/finch/images/icon_sets/rocky/contact-book.png]
[static.websimages.com/v1513720/static/projects/finch/images/icon_sets/rocky/controller-play.png]
[static.websimages.com/v1513720/static/projects/finch/images/icon_sets/rocky/cool.png]
[static.websimages.com/v1513720/static/projects/finch/images/icon_sets/rocky/cursor.png]
[static.websimages.com/v1513720/static/projects/finch/images/icon_sets/rocky/cut.png]
[static.websimages.com/v1513720/static/projects/finch/images/icon_sets/rocky/dashboard.png]
[static.websimages.com/v1513720/static/projects/finch/images/icon_sets/rocky/delete.png]
[static.websimages.com/v1513720/static/projects/finch/images/icon_sets/rocky/delivery-truck.png]
[static.websimages.com/v1513720/static/projects/finch/images/icon_sets/rocky/discussion.png]
[static.websimages.com/v1513720/static/projects/finch/images/icon_sets/rocky/download.png]
[static.websimages.com/v1513720/static/projects/finch/images/icon_sets/rocky/earth.png]
[static.websimages.com/v1513720/static/projects/finch/images/icon_sets/rocky/email.png]
[static.websimages.com/v1513720/static/projects/finch/images/icon_sets/rocky/eye.png]
[static.websimages.com/v1513720/static/projects/finch/images/icon_sets/rocky/fan.png]
[static.websimages.com/v1513720/static/projects/finch/images/icon_sets/rocky/favorite.png]
[static.websimages.com/v1513720/static/projects/finch/images/icon_sets/rocky/fever-chart.png]
[static.websimages.com/v1513720/static/projects/finch/images/icon_sets/rocky/financial.png]
[static.websimages.com/v1513720/static/projects/finch/images/icon_sets/rocky/first-aid-box.png]
[static.websimages.com/v1513720/static/projects/finch/images/icon_sets/rocky/flag.png]
[static.websimages.com/v1513720/static/projects/finch/images/icon_sets/rocky/flash.png]
[static.websimages.com/v1513720/static/projects/finch/images/icon_sets/rocky/folder.png]
[static.websimages.com/v1513720/static/projects/finch/images/icon_sets/rocky/game-controller.png]
[static.websimages.com/v1513720/static/projects/finch/images/icon_sets/rocky/gift.png]
[static.websimages.com/v1513720/static/projects/finch/images/icon_sets/rocky/go-to-bottom.png]
[static.websimages.com/v1513720/static/projects/finch/images/icon_sets/rocky/go-to-top.png]
[static.websimages.com/v1513720/static/projects/finch/images/icon_sets/rocky/gym.png]
[static.websimages.com/v1513720/static/projects/finch/images/icon_sets/rocky/hammer.png]
[static.websimages.com/v1513720/static/projects/finch/images/icon_sets/rocky/hand-pointer.png]
[static.websimages.com/v1513720/static/projects/finch/images/icon_sets/rocky/hand.png]
[static.websimages.com/v1513720/static/projects/finch/images/icon_sets/rocky/headphone.png]
[static.websimages.com/v1513720/static/projects/finch/images/icon_sets/rocky/help.png]
[static.websimages.com/v1513720/static/projects/finch/images/icon_sets/rocky/highlighter.png]
[static.websimages.com/v1513720/static/projects/finch/images/icon_sets/rocky/home.png]
[static.websimages.com/v1513720/static/projects/finch/images/icon_sets/rocky/hot.png]
[static.websimages.com/v1513720/static/projects/finch/images/icon_sets/rocky/hourglass.png]
[static.websimages.com/v1513720/static/projects/finch/images/icon_sets/rocky/infinite.png]
[static.websimages.com/v1513720/static/projects/finch/images/icon_sets/rocky/info.png]
[static.websimages.com/v1513720/static/projects/finch/images/icon_sets/rocky/iphone.png]
[static.websimages.com/v1513720/static/projects/finch/images/icon_sets/rocky/ipod.png]
[static.websimages.com/v1513720/static/projects/finch/images/icon_sets/rocky/key.png]
[static.websimages.com/v1513720/static/projects/finch/images/icon_sets/rocky/lab.png]
[static.websimages.com/v1513720/static/projects/finch/images/icon_sets/rocky/laptop.png]
[static.websimages.com/v1513720/static/projects/finch/images/icon_sets/rocky/light-bulb.png]
[static.websimages.com/v1513720/static/projects/finch/images/icon_sets/rocky/link.png]
[static.websimages.com/v1513720/static/projects/finch/images/icon_sets/rocky/location.png]
[static.websimages.com/v1513720/static/projects/finch/images/icon_sets/rocky/lock.png]
[static.websimages.com/v1513720/static/projects/finch/images/icon_sets/rocky/login.png]
[static.websimages.com/v1513720/static/projects/finch/images/icon_sets/rocky/logout.png]
[static.websimages.com/v1513720/static/projects/finch/images/icon_sets/rocky/magic-wand.png]
[static.websimages.com/v1513720/static/projects/finch/images/icon_sets/rocky/martini-glass.png]
[static.websimages.com/v1513720/static/projects/finch/images/icon_sets/rocky/microphone.png]
[static.websimages.com/v1513720/static/projects/finch/images/icon_sets/rocky/museum.png]
[static.websimages.com/v1513720/static/projects/finch/images/icon_sets/rocky/music.png]
[static.websimages.com/v1513720/static/projects/finch/images/icon_sets/rocky/orbit.png]
[static.websimages.com/v1513720/static/projects/finch/images/icon_sets/rocky/paint-brush.png]
[static.websimages.com/v1513720/static/projects/finch/images/icon_sets/rocky/paper-clip.png]
[static.websimages.com/v1513720/static/projects/finch/images/icon_sets/rocky/pencil.png]
[static.websimages.com/v1513720/static/projects/finch/images/icon_sets/rocky/phone-classic.png]
[static.websimages.com/v1513720/static/projects/finch/images/icon_sets/rocky/phone.png]
[static.websimages.com/v1513720/static/projects/finch/images/icon_sets/rocky/picture.png]
[static.websimages.com/v1513720/static/projects/finch/images/icon_sets/rocky/pin.png]
[static.websimages.com/v1513720/static/projects/finch/images/icon_sets/rocky/power.png]
[static.websimages.com/v1513720/static/projects/finch/images/icon_sets/rocky/print.png]
[static.websimages.com/v1513720/static/projects/finch/images/icon_sets/rocky/recycle.png]
[static.websimages.com/v1513720/static/projects/finch/images/icon_sets/rocky/restrict.png]
[static.websimages.com/v1513720/static/projects/finch/images/icon_sets/rocky/rocket.png]
[static.websimages.com/v1513720/static/projects/finch/images/icon_sets/rocky/rss.png]
[static.websimages.com/v1513720/static/projects/finch/images/icon_sets/rocky/satellite.png]
[static.websimages.com/v1513720/static/projects/finch/images/icon_sets/rocky/save.png]
[static.websimages.com/v1513720/static/projects/finch/images/icon_sets/rocky/setting.png]
[static.websimages.com/v1513720/static/projects/finch/images/icon_sets/rocky/share.png]
[static.websimages.com/v1513720/static/projects/finch/images/icon_sets/rocky/shopping-bag.png]
[static.websimages.com/v1513720/static/projects/finch/images/icon_sets/rocky/shopping-basket.png]
[static.websimages.com/v1513720/static/projects/finch/images/icon_sets/rocky/shopping-cart.png]
[static.websimages.com/v1513720/static/projects/finch/images/icon_sets/rocky/shovel.png]
[static.websimages.com/v1513720/static/projects/finch/images/icon_sets/rocky/star.png]
[static.websimages.com/v1513720/static/projects/finch/images/icon_sets/rocky/stock-chart.png]
[static.websimages.com/v1513720/static/projects/finch/images/icon_sets/rocky/stop.png]
[static.websimages.com/v1513720/static/projects/finch/images/icon_sets/rocky/tag-cloud.png]
[static.websimages.com/v1513720/static/projects/finch/images/icon_sets/rocky/tag.png]
[static.websimages.com/v1513720/static/projects/finch/images/icon_sets/rocky/thumb-down.png]
[static.websimages.com/v1513720/static/projects/finch/images/icon_sets/rocky/thumb-up.png]
[static.websimages.com/v1513720/static/projects/finch/images/icon_sets/rocky/tool.png]
[static.websimages.com/v1513720/static/projects/finch/images/icon_sets/rocky/trophy.png]
[static.websimages.com/v1513720/static/projects/finch/images/icon_sets/rocky/tv.png]
[static.websimages.com/v1513720/static/projects/finch/images/icon_sets/rocky/umbella.png]
[static.websimages.com/v1513720/static/projects/finch/images/icon_sets/rocky/undo.png]
[static.websimages.com/v1513720/static/projects/finch/images/icon_sets/rocky/unlock.png]
[static.websimages.com/v1513720/static/projects/finch/images/icon_sets/rocky/upload.png]
[static.websimages.com/v1513720/static/projects/finch/images/icon_sets/rocky/usb.png]
[static.websimages.com/v1513720/static/projects/finch/images/icon_sets/rocky/user-group.png]
[static.websimages.com/v1513720/static/projects/finch/images/icon_sets/rocky/user.png]
[static.websimages.com/v1513720/static/projects/finch/images/icon_sets/rocky/video-camera.png]
[static.websimages.com/v1513720/static/projects/finch/images/icon_sets/rocky/video-clapper.png]
[static.websimages.com/v1513720/static/projects/finch/images/icon_sets/rocky/video-reel.png]
[static.websimages.com/v1513720/static/projects/finch/images/icon_sets/rocky/walk.png]
[static.websimages.com/v1513720/static/projects/finch/images/icon_sets/rocky/weather.png]
[static.websimages.com/v1513720/static/projects/finch/images/icon_sets/rocky/web.png]
[static.websimages.com/v1513720/static/projects/finch/images/icon_sets/rocky/webcam.png]
[static.websimages.com/v1513720/static/projects/finch/images/icon_sets/rocky/wine-glass.png]
[static.websimages.com/v1513720/static/projects/finch/images/icon_sets/rocky/wireless.png]
[static.websimages.com/v1513720/static/projects/finch/images/icon_sets/rocky/zoom-in.png]
[static.websimages.com/static/projects/finch/images/placeholder-bg.png]
[static.websimages.com/static/projects/finch/images/onpage_loader.gif]
[static.websimages.com/static/projects/finch/images/placeholder/image.png]
[static.websimages.com/static/projects/platform/images/logout-bg.png]
[static.websimages.com/v1513720/static/projects/finch/images/cc_mark.png]
[static.websimages.com/static/global/icons/silk/user.png]
[static.websimages.com/active-static/target/ui/images/exclamation-point.png]
[static.websimages.com/v1513720/static/projects/finch/css/sitebase.css]
[static.websimages.com/active-static/target/usersites/images/footer_logo_sprite.png]
[static.websimages.com/active-static/target/usersites/css/fixedFreebar.css]
[mediaprocessor.websimages.com/width/240/crop/0,0,240x199/ubmc-stoats.webs.com/joeclimb.jpg]
[mediaprocessor.websimages.com/width/276/crop/23,24,240x160/ubmc-stoats.webs.com/joeclimb2.jpg]
[mediaprocessor.websimages.com/width/264/crop/24,6,240x324/ubmc-stoats.webs.com/bbw_archive.jpg]
[mediaprocessor.websimages.com/width/364/crop/44,83,240x161/ubmc-stoats.webs.com/ian_bbw.jpg]
[ubmc-stoats.webs.com/Tremadog Trip Report 2018.pdf]
[ubmc-stoats.webs.com/OgwenTripReport.pdf]
[ubmc-stoats.webs.com/Stanage Trip Report-2.pdf]
[ubmc-stoats.webs.com/Trip-report-Annual-Dinner.pdf]
[ubmc-stoats.webs.com/stanage 2017.pdf]
[ubmc-stoats.webs.com/Scotland 2016.pdf]
[ubmc-stoats.webs.com/TripReport_scotland.pdf]
[ubmc-stoats.webs.com/Trip-report.pdf]
[ubmc-stoats.webs.com/Birchen-Edge-Trip.pdf]
[ubmc-stoats.webs.com/Annual Dinner trip report (1).pdf]
[ubmc-stoats.webs.com/Sunny-sPortland.pdf]
[ubmc-stoats.webs.com/Pembroke Trip Report.pdf]
[ubmc-stoats.webs.com/10739897_10153458234448906_445312830_n (1).pdf]
[ubmc-stoats.webs.com/Ogwen - trip repoty.pdf]
[ubmc-stoats.webs.com/Low House Trip Report (1).pdf]
[ubmc-stoats.webs.com/Trip report L.pdf]
[ubmc-stoats.webs.com/Birchen Edge, February 2014.pdf]
[ubmc-stoats.webs.com/annual dinner trip Report.pdf]
[ubmc-stoats.webs.com/Portland 2014.pdf]
[ubmc-stoats.webs.com/Stanage 2k14 Trip Report.pdf]
[ubmc-stoats.webs.com/Stanage 2013-2.pdf]
[ubmc-stoats.webs.com/Low house trip report.pdf]
[ubmc-stoats.webs.com/SkiptonTripReport.pdf]
[ubmc-stoats.webs.com/Trip report.pdf]
[ubmc-stoats.webs.com/photos/CratcliffeTripReport.pdf]
[ubmc-stoats.webs.com/Low House trip report-1.pdf]
[ubmc-stoats.webs.com/Annual Dinner 2013 Trip Report.pdf]
[ubmc-stoats.webs.com/Cornwall 2013 Trip Report.pdf]
[ubmc-stoats.webs.com/about-the-club.html]
[ubmc-stoats.webs.com/calendar.html]
[mediaprocessor.websimages.com/width/236/crop/0,0,236x289/ubmc-stoats.webs.com/Alex.jpg]
[mediaprocessor.websimages.com/width/236/crop/0,0,236x272/ubmc-stoats.webs.com/Nick.jpg]
[mediaprocessor.websimages.com/width/240/crop/0,0,240x305/ubmc-stoats.webs.com/Alice.jpg]
[mediaprocessor.websimages.com/width/286/crop/0,0,286x205/ubmc-stoats.webs.com/JoeR.jpg]
[mediaprocessor.websimages.com/width/318/crop/0,15,258x302/ubmc-stoats.webs.com/JohnH.jpg]
[mediaprocessor.websimages.com/width/272/crop/0,0,272x346/ubmc-stoats.webs.com/HoweCrop.jpg]
[mediaprocessor.websimages.com/width/286/crop/0,0,286x290/ubmc-stoats.webs.com/Sophie.jpg]
[mediaprocessor.websimages.com/width/286/crop/0,0,286x282/ubmc-stoats.webs.com/Dan.jpg]
[mediaprocessor.websimages.com/width/286/crop/0,0,286x382/ubmc-stoats.webs.com/Jerome.jpg]
[mediaprocessor.websimages.com/width/286/crop/0,0,286x276/ubmc-stoats.webs.com/JoeC.jpg]
[mediaprocessor.websimages.com/width/494/crop/64,0,286x191/ubmc-stoats.webs.com/23275379_10212857821814346_6261225717714463101_o.jpg]
[mediaprocessor.websimages.com/width/517/crop/109,154,277x351/ubmc-stoats.webs.com/40760895_10213151904175675_1217358980553113600_o.jpg]
[mediaprocessor.websimages.com/width/510/crop/0,0,510x383/ubmc-stoats.webs.com/14362514_1557943424229116_6012656432151339805_o.jpg]
[mediaprocessor.websimages.com/width/580/crop/0,0,580x435/ubmc-stoats.webs.com/Committee Photo 2.jpg]
[mediaprocessor.websimages.com/width/508/crop/0,0,508x381/ubmc-stoats.webs.com/Committee Photo-Messy.jpg]
[ubmc-stoats.webs.com/committee.html]
[mediaprocessor.websimages.com/width/142/crop/0,0,142x213/ubmc-stoats.webs.com/Dex 5.jpg]
[mediaprocessor.websimages.com/width/142/crop/0,0,142x161/ubmc-stoats.webs.com/Hazel 5.jpg]
[mediaprocessor.websimages.com/width/574/crop/0,0,574x344/ubmc-stoats.webs.com/22883677_10210685239393862_1814358992_o.jpg]
[mediaprocessor.websimages.com/width/145/crop/0,0,145x192/ubmc-stoats.webs.com/Boldering team 1007.jpg]
[mediaprocessor.websimages.com/width/152/crop/0,0,152x101/ubmc-stoats.webs.com/Saadat toehook.jpg]
[ubmc-stoats.webs.com/Boulder_Battle_Results.pdf]
[mediaprocessor.websimages.com/width/1100/crop/261,28,796x796/ubmc-stoats.webs.com/Team2014.jpg]
[mediaprocessor.websimages.com/width/300/crop/0,0,300x225/ubmc-stoats.webs.com/Team pic.jpg]
[mediaprocessor.websimages.com/width/286/crop/0,0,286x215/ubmc-stoats.webs.com/Boldering Team 1002.jpg]
[ubmc-stoats.webs.com/bouldering-team.html]
[mediaprocessor.websimages.com/width/296/crop/0,0,296x222/ubmc-stoats.webs.com/11041140_10200838598923564_5124988284554969320_n (2).jpg]
[mediaprocessor.websimages.com/width/296/crop/0,0,296x167/ubmc-stoats.webs.com/Gear 1002.jpg]
[ubmc-stoats.webs.com/gear.html]
[static.websimages.com/static/global/theme/css/pluggables.css]
[static.websimages.com/static/global/js/webs/websover.min.js]
[static.websimages.com/Apps/fwml.css]
[static.websimages.com/MembersB/EditPage/jscripts/src/fastinit.js]
[static.websimages.com/Apps/fwml.js]
[static.websimages.com/Platform/JS/Ajax.js]
[links.websapp.digital.vistaprint.io/links/javascripts/applicationf38a.js]
[ubmc-stoats.webs.com/apps/links/index.html]
[ajax.googleapis.com/ajax/libs/jquery/1.4.2/jquery.min.js]
[images.webs.com/JS/mootools.js]
[images.webs.com/JS/TableDragSort.js]
[images.webs.com/Platform/JS/Ajax.js]
[images.webs.com/Apps/Photos/photos.css]
[ubmc-stoats.webs.com/apps/photos/index.html]
[ubmc-stoats.webs.com/cdn-cgi/l/email-protection.html]
[static.websimages.com/rails-static/webstore/images/paypal_24.html]
[ubmc-stoats.webs.com/images/frames/u_shadow.html]
[ubmc-stoats.webs.com/images/frames/papershade.html]
[ubmc-stoats.webs.com/images/frames/tape.html]
[ubmc-stoats.webs.com/images/frames/album-noise.html]
[ubmc-stoats.webs.com/images/frames/album-binder.html]
[ubmc-stoats.webs.com/images/frames/thumbtack.html]
[ubmc-stoats.webs.com/images/frames/photo-corners.html]
[ubmc-stoats.webs.com/TripReport_scotland.html]
[ubmc-stoats.webs.com/Trip-report.html]
[ubmc-stoats.webs.com/Peak district trip PDF4.pdf]
[ubmc-stoats.webs.com/apps/photos/recently-added.html]
[ubmc-stoats.webs.com/Trip report L.html]
[ubmc-stoats.webs.com/Stanage 2k14 Trip Report.html]
[ubmc-stoats.webs.com/Stanage 2013-2.html]
[ubmc-stoats.webs.com/Trip report.html]
[ubmc-stoats.webs.com/photos/CratcliffeTripReport.html]
[static.websimages.com/static/global/icons/websover/websover_x.png]
[static.websimages.com/static/global/icons/loading/popover_loader.gif]
[static.websimages.com/static/global/2010/internal/images/darkBottom_bg.png]
[static.websimages.com/static/global/icons/websover/websover_lightbox_left.png]
[static.websimages.com/static/global/icons/websover/websover_lightbox_right.png]
[static.websimages.com/static/global/alert_images/red_alert.png]
[static.websimages.com/static/global/alert_images/orange_alert.png]
[static.websimages.com/static/global/alert_images/blue_alert.png]
[static.websimages.com/static/global/alert_images/green_alert.png]
[static.websimages.com/static/global/alert_images/blue_alert_small.png]
[static.websimages.com/static/global/alert_images/orange_alert_small.png]
[static.websimages.com/static/global/alert_images/red_alert_small.png]
[static.websimages.com/static/global/icons/silk/exclamation.png]
[static.websimages.com/static/global/2011/external/images/input_fields.png]
[static.websimages.com/static/global/buttons/gradientblue.png]
[static.websimages.com/static/global/buttons/gradientgreen.png]
[static.websimages.com/static/global/icons/silk/pencil.png]
[static.websimages.com/static/global/icons/silk/add.png]
[static.websimages.com/static/global/icons/silk/delete.png]
[static.websimages.com/static/projects/members/images/sitemanager/edit_site.gif]
[static.websimages.com/static/projects/members/images/sitemanager/delete_page.gif]
[static.websimages.com/static/global/icons/silk/add.gif]
[static.websimages.com/static/global/theme/css/pluggables.css]
[static.websimages.com/CSS/Platform/buttons.css]
[images.freewebs.com/Images/PageEditor/Toolbar/bgTitle.gif]
[images.freewebs.com/Images/PageEditor/icons/close.gif]
[images.freewebs.com/Images/Signup/blue_message_body.gif]
[images.freewebs.com/Images/Signup/blue_message_top.gif]
[static.websimages.com/Apps/Images/searchbg.png]
[static.websimages.com/Apps/Images/fw_tooltip.png]
[static.websimages.com/Apps/Images/fw_tooltip.gif]
[images.webs.com/static/global/icons/silk/user.png]
[static.websimages.com/Apps/fwml.css]
[links.websapp.digital.vistaprint.io/links/stylesheets/stylesf38a.css]
[links.websapp.digital.vistaprint.io/links/stylesheets/linksAppLivef38a.css]
[images.webs.com/Images/settings.png]
[images.webs.com/Apps/Photos/Images/Frames/Basic/album-frame.png]
[images.webs.com/Apps/Photos/photos.css]
[images.webs.com/Apps/Photos/frames.css]
[images.webs.com/Misc/PicLens/current/piclens.js]
[images.webs.com/static/global/icons/fw/comment_bubble_large.gif]
[images.webs.com/Images/loader.gif]
[ubmc-stoats.webs.com/apps/photos/recently-added.html]
[static.websimages.com/Images/Apps/fwbutton_sprite.png]
[ubmc-stoats.webs.com/Annual Dinner trip report (1).pdf]
[ubmc-stoats.webs.com/stanage 2017.pdf]
[static.websimages.com/Images/Apps/fwbutton_sprite.gif]
[static.websimages.com/CSS/Platform/buttons.css]
[images.freewebs.com/Images/Signup/blue_message_body.html]
[images.freewebs.com/Images/Signup/blue_message_top.html]
[images.freewebs.com/Apps/Photos/Images/Frames/Basic/Small/top-left.png]
[images.freewebs.com/Apps/Photos/Images/Frames/Basic/Small/top.png]
[images.freewebs.com/Apps/Photos/Images/Frames/Basic/Small/top-right.png]
[images.freewebs.com/Apps/Photos/Images/Frames/Basic/Small/left.png]
[images.freewebs.com/Apps/Photos/Images/Frames/Basic/Small/right.png]
[images.freewebs.com/Apps/Photos/Images/Frames/Basic/Small/bottom-left.png]
[images.freewebs.com/Apps/Photos/Images/Frames/Basic/Small/bottom.png]
[images.freewebs.com/Apps/Photos/Images/Frames/Basic/Small/bottom-right.png]
[images.webs.com/Apps/Photos/frames.css]
[blogs.rails.freewebs.com/images/search-btn.png]
[static.ak.connect.facebook.com/images/connect_favicon.png]
[static.ak.connect.facebook.com/images/ui/UIActionButton_ltr.png]
[static.ak.connect.facebook.com/images/icon_addtobookmark.gif]
[static.ak.connect.facebook.com/images/connect_sprite.png]
[static.ak.fbcdn.net/rsrc.php/v1/yU/r/bSOHtKbCGYI.png]
[static.ak.fbcdn.net/rsrc.php/v1/yX/r/i_oIVTKMYsL.png]
[static.ak.connect.facebook.com/images/dialog/large_halo_top_left.png]
[static.ak.connect.facebook.com/images/dialog/large_halo_top_right.png]
[static.ak.connect.facebook.com/images/dialog/large_halo_bottom_left.png]
[static.ak.connect.facebook.com/images/dialog/large_halo_bottom_right.png]
[static.ak.connect.facebook.com/images/icons-unsprited/favicon_fordarkbg.gif]
[static.ak.connect.facebook.com/images/fbconnect/connect_icon_remove.gif]
[static.ak.connect.facebook.com/images/loaders/indicator_white_small.gif]
[static.ak.connect.facebook.com/images/loaders/indicator_white_large.gif]
[static.ak.connect.facebook.com/images/loaders/indicator_blue_small.gif]
[static.ak.connect.facebook.com/images/confirmation_stripes.gif]
[static.ak.connect.facebook.com/images/share/facebook_share_icona366.gif]
